<?xml version="1.0" encoding="UTF-8"?>
<!-- Generated by org.testng.reporters.JUnitReportReporter -->
<testsuite name="OrangeCrmTest" tests="1" failures="0" timestamp="20 Apr 2018 05:30:03 GMT" time="11.545" errors="0">
  <testcase name="orangecrmTest" time="11.545" classname="OrangeCrmTest"/>
</testsuite> <!-- OrangeCrmTest -->
