<?xml version="1.0" encoding="UTF-8"?>
<!-- Generated by org.testng.reporters.JUnitReportReporter -->
<testsuite name="OrangeCrm" tests="1" failures="0" timestamp="4 Apr 2018 10:17:33 GMT" time="7.403" errors="0">
  <testcase name="orangecrmTest" time="7.403" classname="OrangeCrm"/>
</testsuite> <!-- OrangeCrm -->
