<?xml version="1.0" encoding="UTF-8"?>
<!-- Generated by org.testng.reporters.JUnitReportReporter -->
<testsuite hostname="TYSS-4F-027" name="OrangeCrmTest" tests="1" failures="0" timestamp="13 Apr 2018 04:11:52 GMT" time="7.496" errors="0">
  <testcase name="orangecrmTest" time="7.496" classname="OrangeCrmTest"/>
</testsuite> <!-- OrangeCrmTest -->
